0 info it worked if it ends with ok
1 verbose cli [ '/home/jcabresos/Jedi/node-v0.10.35-linux-x64/bin/node',
1 verbose cli   '/home/jcabresos/Jedi/node-v0.10.35-linux-x64/bin/npm',
1 verbose cli   'publish' ]
2 info using npm@1.4.28
3 info using node@v0.10.35
4 verbose publish [ '.' ]
5 verbose cache add [ '.', null ]
6 verbose cache add name=undefined spec="." args=[".",null]
7 verbose parsed url { protocol: null,
7 verbose parsed url   slashes: null,
7 verbose parsed url   auth: null,
7 verbose parsed url   host: null,
7 verbose parsed url   port: null,
7 verbose parsed url   hostname: null,
7 verbose parsed url   hash: null,
7 verbose parsed url   search: null,
7 verbose parsed url   query: null,
7 verbose parsed url   pathname: '.',
7 verbose parsed url   path: '.',
7 verbose parsed url   href: '.' }
8 silly lockFile 3a52ce78- .
9 verbose lock . /home/jcabresos/.npm/3a52ce78-.lock
10 verbose tar pack [ '/home/jcabresos/.npm/kola/0.1.0-rc1/package.tgz', '.' ]
11 verbose tarball /home/jcabresos/.npm/kola/0.1.0-rc1/package.tgz
12 verbose folder .
13 info prepublish kola@0.1.0-rc1
14 silly lockFile 1f1177db-tar tar://.
15 verbose lock tar://. /home/jcabresos/.npm/1f1177db-tar.lock
16 silly lockFile d162577d-s-npm-kola-0-1-0-rc1-package-tgz tar:///home/jcabresos/.npm/kola/0.1.0-rc1/package.tgz
17 verbose lock tar:///home/jcabresos/.npm/kola/0.1.0-rc1/package.tgz /home/jcabresos/.npm/d162577d-s-npm-kola-0-1-0-rc1-package-tgz.lock
18 silly lockFile 1f1177db-tar tar://.
19 silly lockFile 1f1177db-tar tar://.
20 silly lockFile d162577d-s-npm-kola-0-1-0-rc1-package-tgz tar:///home/jcabresos/.npm/kola/0.1.0-rc1/package.tgz
21 silly lockFile d162577d-s-npm-kola-0-1-0-rc1-package-tgz tar:///home/jcabresos/.npm/kola/0.1.0-rc1/package.tgz
22 silly lockFile 396a3ffd-resos-npm-kola-0-1-0-rc1-package /home/jcabresos/.npm/kola/0.1.0-rc1/package
23 verbose lock /home/jcabresos/.npm/kola/0.1.0-rc1/package /home/jcabresos/.npm/396a3ffd-resos-npm-kola-0-1-0-rc1-package.lock
24 silly lockFile 396a3ffd-resos-npm-kola-0-1-0-rc1-package /home/jcabresos/.npm/kola/0.1.0-rc1/package
25 silly lockFile 396a3ffd-resos-npm-kola-0-1-0-rc1-package /home/jcabresos/.npm/kola/0.1.0-rc1/package
26 silly lockFile 3a52ce78- .
27 silly lockFile 3a52ce78- .
28 silly publish { name: 'kola',
28 silly publish   version: '0.1.0-rc1',
28 silly publish   description: 'global dependency manager',
28 silly publish   main: 'dist/kola.js',
28 silly publish   scripts: { test: 'echo "Error: no test specified" && exit 1' },
28 silly publish   author:
28 silly publish    { name: 'James Roland Cabresos',
28 silly publish      email: 'jamesroland@dwimmyfactory.com',
28 silly publish      url: 'http://github.com/staticfunction' },
28 silly publish   license: 'MIT',
28 silly publish   dependencies: { 'kola-signals': '0.0.1' },
28 silly publish   devDependencies:
28 silly publish    { 'kola-hooks': '0.0.1',
28 silly publish      'dts-bundle': '^0.2.0',
28 silly publish      gulp: '^3.8.6',
28 silly publish      'gulp-mocha': '^0.5.1',
28 silly publish      'gulp-tsc': '^0.9.2',
28 silly publish      mocha: '^1.20.1',
28 silly publish      should: '^4.0.4',
28 silly publish      sinon: '^1.10.3' },
28 silly publish   readme: '# Kola\n\n```shell\n    npm install kola --save\n```\n\n## Getting Started\n\n### App\nEverything is an app in kola. To create an app, you extend kola.App and define your application\'s startup option.\nHere we have a Greeter that accepts a message of type string on start(note the generic param).\n\n```typescript\n\nimport kola = require("kola");\n\nclass Greeter extends kola.App<string> {\n\n}\n\n```\n\nRight now, this does nothing but restricts you to only pass string arguments on App.start() method.',
28 silly publish   readmeFilename: 'README.md',
28 silly publish   gitHead: '76cf3801ff9e0008229372a78034987b9f679329',
28 silly publish   _id: 'kola@0.1.0-rc1',
28 silly publish   _shasum: 'ef60a9f948f8244241ce6c667f20da848d92e470',
28 silly publish   _from: '.' }
29 verbose request where is /kola
30 verbose request registry https://registry.npmjs.org/
31 verbose request id c8e26e3de50d0acd
32 verbose url raw /kola
33 verbose url resolving [ 'https://registry.npmjs.org/', './kola' ]
34 verbose url resolved https://registry.npmjs.org/kola
35 verbose request where is https://registry.npmjs.org/kola
36 info trying registry request attempt 1 at 15:17:24
37 http PUT https://registry.npmjs.org/kola
38 http 403 https://registry.npmjs.org/kola
39 verbose headers { date: 'Thu, 12 Feb 2015 07:17:25 GMT',
39 verbose headers   server: 'CouchDB/1.5.0 (Erlang OTP/R16B03)',
39 verbose headers   'content-type': 'application/json',
39 verbose headers   'cache-control': 'max-age=60',
39 verbose headers   'content-length': '2930',
39 verbose headers   'accept-ranges': 'bytes',
39 verbose headers   via: '1.1 varnish',
39 verbose headers   'x-served-by': 'cache-ams4126-AMS',
39 verbose headers   'x-cache': 'MISS',
39 verbose headers   'x-cache-hits': '0',
39 verbose headers   'x-timer': 'S1423725445.432431,VS0,VE350',
39 verbose headers   'keep-alive': 'timeout=10, max=50',
39 verbose headers   connection: 'Keep-Alive' }
40 error publish Failed PUT 403
41 error Error: forbidden cannot modify pre-existing version: 0.1.0-rc1
41 error old={"name":"kola","version":"0.1.0-rc1","description":"global dependency manager","main":"dist/kola.js","scripts":{"test":"echo \"Error: no test specified\" && exit 1"},"author":{"name":"James Roland Cabresos","email":"jamesroland@dwimmyfactory.com","url":"http://github.com/staticfunction"},"license":"MIT","dependencies":{"kola-signals":"0.0.1"},"devDependencies":{"kola-hooks":"0.0.1","dts-bundle":"^0.2.0","gulp":"^3.8.6","gulp-mocha":"^0.5.1","gulp-tsc":"^0.9.2","mocha":"^1.20.1","should":"^4.0.4","sinon":"^1.10.3"},"gitHead":"51cddf2c92b430f20897a9c488093c9dd1e36abd","_id":"kola@0.1.0-rc1","_shasum":"5e9cb22eaccb915950292c0ebc042f08910f50af","_from":".","_npmVersion":"1.4.28","_npmUser":{"name":"staticfunction","email":"j.cabresos@gmail.com"},"maintainers":[{"name":"staticfunction","email":"j.cabresos@gmail.com"}],"dist":{"shasum":"5e9cb22eaccb915950292c0ebc042f08910f50af","tarball":"http://registry.npmjs.org/kola/-/kola-0.1.0-rc1.tgz"}}
41 error new={"name":"kola","version":"0.1.0-rc1","description":"global dependency manager","main":"dist/kola.js","scripts":{"test":"echo \"Error: no test specified\" && exit 1"},"author":{"name":"James Roland Cabresos","email":"jamesroland@dwimmyfactory.com","url":"http://github.com/staticfunction"},"license":"MIT","dependencies":{"kola-signals":"0.0.1"},"devDependencies":{"kola-hooks":"0.0.1","dts-bundle":"^0.2.0","gulp":"^3.8.6","gulp-mocha":"^0.5.1","gulp-tsc":"^0.9.2","mocha":"^1.20.1","should":"^4.0.4","sinon":"^1.10.3"},"readme":"# Kola\u000a\u000a```shell\u000a    npm install kola --save\u000a```\u000a\u000a## Getting Started\u000a\u000a### App\u000aEverything is an app in kola. To create an app, you extend kola.App and define your application's startup option.\u000aHere we have a Greeter that accepts a message of type string on start(note the generic param).\u000a\u000a```typescript\u000a\u000aimport kola = require(\"kola\");\u000a\u000aclass Greeter extends kola.App<string> {\u000a\u000a}\u000a\u000a```\u000a\u000aRight now, this does nothing but restricts you to only pass string arguments on App.start() method.","readmeFilename":"README.md","gitHead":"76cf3801ff9e0008229372a78034987b9f679329","_id":"kola@0.1.0-rc1","_shasum":"ef60a9f948f8244241ce6c667f20da848d92e470","_from":".","_npmVersion":"1.4.28","_npmUser":{"name":"staticfunction","email":"j.cabresos@gmail.com"},"maintainers":[{"name":"staticfunction","email":"j.cabresos@gmail.com"}],"dist":{"shasum":"ef60a9f948f8244241ce6c667f20da848d92e470","tarball":"http://registry.npmjs.org/kola/-/kola-0.1.0-rc1.tgz"}}: kola
41 error     at RegClient.<anonymous> (/home/jcabresos/Jedi/node-v0.10.35-linux-x64/lib/node_modules/npm/node_modules/npm-registry-client/lib/request.js:308:14)
41 error     at Request._callback (/home/jcabresos/Jedi/node-v0.10.35-linux-x64/lib/node_modules/npm/node_modules/npm-registry-client/lib/request.js:246:65)
41 error     at Request.self.callback (/home/jcabresos/Jedi/node-v0.10.35-linux-x64/lib/node_modules/npm/node_modules/request/request.js:236:22)
41 error     at Request.emit (events.js:98:17)
41 error     at Request.<anonymous> (/home/jcabresos/Jedi/node-v0.10.35-linux-x64/lib/node_modules/npm/node_modules/request/request.js:1142:14)
41 error     at Request.emit (events.js:117:20)
41 error     at IncomingMessage.<anonymous> (/home/jcabresos/Jedi/node-v0.10.35-linux-x64/lib/node_modules/npm/node_modules/request/request.js:1096:12)
41 error     at IncomingMessage.emit (events.js:117:20)
41 error     at _stream_readable.js:944:16
41 error     at process._tickCallback (node.js:442:13)
42 error If you need help, you may report this *entire* log,
42 error including the npm and node versions, at:
42 error     <http://github.com/npm/npm/issues>
43 error System Linux 3.13.0-44-generic
44 error command "/home/jcabresos/Jedi/node-v0.10.35-linux-x64/bin/node" "/home/jcabresos/Jedi/node-v0.10.35-linux-x64/bin/npm" "publish"
45 error cwd /home/jcabresos/Projects/dwimmyfactory/kola
46 error node -v v0.10.35
47 error npm -v 1.4.28
48 verbose exit [ 1, true ]
